2022-08-25 00:03:27.158  INFO 15268 --- [AsyncResolver-bootstrap-executor-0] c.n.d.s.r.aws.ConfigClusterResolver      : Resolving eureka endpoints via configuration
2022-08-25 00:08:28.067  INFO 15268 --- [AsyncResolver-bootstrap-executor-0] c.n.d.s.r.aws.ConfigClusterResolver      : Resolving eureka endpoints via configuration
2022-08-25 00:13:28.096  INFO 15268 --- [AsyncResolver-bootstrap-executor-0] c.n.d.s.r.aws.ConfigClusterResolver      : Resolving eureka endpoints via configuration
2022-08-25 00:18:28.110  INFO 15268 --- [AsyncResolver-bootstrap-executor-0] c.n.d.s.r.aws.ConfigClusterResolver      : Resolving eureka endpoints via configuration
2022-08-25 00:23:28.120  INFO 15268 --- [AsyncResolver-bootstrap-executor-0] c.n.d.s.r.aws.ConfigClusterResolver      : Resolving eureka endpoints via configuration
2022-08-25 00:24:35.892  INFO 15268 --- [cluster-rtt-ClusterId{value='630666bc530e35128003639b', description='null'}-localhost:27017] org.mongodb.driver.connection            : Opened connection [connectionId{localValue:675, serverValue:4}] to localhost:27017
2022-08-25 00:24:37.946  INFO 15268 --- [cluster-ClusterId{value='630666bc530e35128003639b', description='null'}-localhost:27017] org.mongodb.driver.connection            : Opened connection [connectionId{localValue:676, serverValue:7}] to localhost:27017
2022-08-25 00:24:37.971  INFO 15268 --- [cluster-ClusterId{value='630666bc530e35128003639b', description='null'}-localhost:27017] org.mongodb.driver.cluster               : Monitor thread successfully connected to server with description ServerDescription{address=localhost:27017, type=STANDALONE, state=CONNECTED, ok=true, minWireVersion=0, maxWireVersion=13, maxDocumentSize=16777216, logicalSessionTimeoutMinutes=30, roundTripTimeNanos=10590500}
2022-08-25 00:28:28.131  INFO 15268 --- [AsyncResolver-bootstrap-executor-0] c.n.d.s.r.aws.ConfigClusterResolver      : Resolving eureka endpoints via configuration
2022-08-25 00:29:04.193  INFO 15268 --- [cluster-ClusterId{value='630666bc530e35128003639b', description='null'}-localhost:27017] org.mongodb.driver.cluster               : Exception in monitor thread while connecting to server localhost:27017

com.mongodb.MongoNodeIsRecoveringException: Command failed with error 11600 (InterruptedAtShutdown): 'interrupted at shutdown' on server localhost:27017. The full response is {"ok": 0.0, "errmsg": "interrupted at shutdown", "code": 11600, "codeName": "InterruptedAtShutdown"}
	at com.mongodb.internal.connection.ProtocolHelper.createSpecialException(ProtocolHelper.java:266) ~[mongodb-driver-core-4.6.1.jar:na]
	at com.mongodb.internal.connection.ProtocolHelper.getCommandFailureException(ProtocolHelper.java:194) ~[mongodb-driver-core-4.6.1.jar:na]
	at com.mongodb.internal.connection.InternalStreamConnection.receiveCommandMessageResponse(InternalStreamConnection.java:413) ~[mongodb-driver-core-4.6.1.jar:na]
	at com.mongodb.internal.connection.InternalStreamConnection.receive(InternalStreamConnection.java:369) ~[mongodb-driver-core-4.6.1.jar:na]
	at com.mongodb.internal.connection.DefaultServerMonitor$ServerMonitorRunnable.lookupServerDescription(DefaultServerMonitor.java:221) ~[mongodb-driver-core-4.6.1.jar:na]
	at com.mongodb.internal.connection.DefaultServerMonitor$ServerMonitorRunnable.run(DefaultServerMonitor.java:157) ~[mongodb-driver-core-4.6.1.jar:na]
	at java.base/java.lang.Thread.run(Thread.java:833) ~[na:na]

2022-08-25 00:29:14.430  INFO 15268 --- [cluster-ClusterId{value='630666bc530e35128003639b', description='null'}-localhost:27017] org.mongodb.driver.cluster               : Exception in monitor thread while connecting to server localhost:27017

com.mongodb.MongoSocketOpenException: Exception opening socket
	at com.mongodb.internal.connection.SocketStream.open(SocketStream.java:70) ~[mongodb-driver-core-4.6.1.jar:na]
	at com.mongodb.internal.connection.InternalStreamConnection.open(InternalStreamConnection.java:180) ~[mongodb-driver-core-4.6.1.jar:na]
	at com.mongodb.internal.connection.DefaultServerMonitor$ServerMonitorRunnable.lookupServerDescription(DefaultServerMonitor.java:193) ~[mongodb-driver-core-4.6.1.jar:na]
	at com.mongodb.internal.connection.DefaultServerMonitor$ServerMonitorRunnable.run(DefaultServerMonitor.java:157) ~[mongodb-driver-core-4.6.1.jar:na]
	at java.base/java.lang.Thread.run(Thread.java:833) ~[na:na]
Caused by: java.net.ConnectException: Connection refused: no further information
	at java.base/sun.nio.ch.Net.pollConnect(Native Method) ~[na:na]
	at java.base/sun.nio.ch.Net.pollConnectNow(Net.java:672) ~[na:na]
	at java.base/sun.nio.ch.NioSocketImpl.timedFinishConnect(NioSocketImpl.java:542) ~[na:na]
	at java.base/sun.nio.ch.NioSocketImpl.connect(NioSocketImpl.java:597) ~[na:na]
	at java.base/java.net.SocksSocketImpl.connect(SocksSocketImpl.java:327) ~[na:na]
	at java.base/java.net.Socket.connect(Socket.java:633) ~[na:na]
	at com.mongodb.internal.connection.SocketStreamHelper.initialize(SocketStreamHelper.java:107) ~[mongodb-driver-core-4.6.1.jar:na]
	at com.mongodb.internal.connection.SocketStream.initializeSocket(SocketStream.java:79) ~[mongodb-driver-core-4.6.1.jar:na]
	at com.mongodb.internal.connection.SocketStream.open(SocketStream.java:65) ~[mongodb-driver-core-4.6.1.jar:na]
	... 4 common frames omitted

2022-08-25 00:30:08.210  INFO 15268 --- [RMI TCP Connection(72)-127.0.0.1] inMXBeanRegistrar$SpringApplicationAdmin : Application shutdown requested.
2022-08-25 00:30:08.263  INFO 15268 --- [RMI TCP Connection(72)-127.0.0.1] o.s.c.n.e.s.EurekaServiceRegistry        : Unregistering application BOOKING-SERVICE with eureka with status DOWN
2022-08-25 00:30:08.263  INFO 15268 --- [RMI TCP Connection(72)-127.0.0.1] com.netflix.discovery.DiscoveryClient    : Saw local status change event StatusChangeEvent [timestamp=1661367608263, current=DOWN, previous=UP]
2022-08-25 00:30:08.263  INFO 15268 --- [DiscoveryClient-InstanceInfoReplicator-0] com.netflix.discovery.DiscoveryClient    : DiscoveryClient_BOOKING-SERVICE/LIN80020993.corp.capgemini.com:Booking-service:8092: registering service...
2022-08-25 00:30:08.273  INFO 15268 --- [DiscoveryClient-InstanceInfoReplicator-0] com.netflix.discovery.DiscoveryClient    : DiscoveryClient_BOOKING-SERVICE/LIN80020993.corp.capgemini.com:Booking-service:8092 - registration status: 204
2022-08-25 00:30:08.500  INFO 15268 --- [RMI TCP Connection(72)-127.0.0.1] com.netflix.discovery.DiscoveryClient    : Shutting down DiscoveryClient ...
2022-08-25 00:30:11.503  INFO 15268 --- [RMI TCP Connection(72)-127.0.0.1] com.netflix.discovery.DiscoveryClient    : Unregistering ...
2022-08-25 00:30:11.508  INFO 15268 --- [RMI TCP Connection(72)-127.0.0.1] com.netflix.discovery.DiscoveryClient    : DiscoveryClient_BOOKING-SERVICE/LIN80020993.corp.capgemini.com:Booking-service:8092 - deregister  status: 200
2022-08-25 00:30:11.513  INFO 15268 --- [RMI TCP Connection(72)-127.0.0.1] com.netflix.discovery.DiscoveryClient    : Completed shut down of DiscoveryClient
2022-08-25 09:54:08.878  INFO 12812 --- [restartedMain] com.cg.booking.BookingApplication        : Starting BookingApplication using Java 17.0.3 on LIN80020993 with PID 12812 (C:\Users\apatil86\Desktop\FinalProject\backend\Booking\target\classes started by apatil86 in C:\Users\apatil86\Desktop\FinalProject\backend\Booking)
2022-08-25 09:54:08.930  INFO 12812 --- [restartedMain] com.cg.booking.BookingApplication        : No active profile set, falling back to 1 default profile: "default"
2022-08-25 09:54:10.707  INFO 12812 --- [restartedMain] .e.DevToolsPropertyDefaultsPostProcessor : Devtools property defaults active! Set 'spring.devtools.add-properties' to 'false' to disable
2022-08-25 09:54:10.707  INFO 12812 --- [restartedMain] .e.DevToolsPropertyDefaultsPostProcessor : For additional web related logging consider setting the 'logging.level.web' property to 'DEBUG'
2022-08-25 09:54:19.290  INFO 12812 --- [restartedMain] .s.d.r.c.RepositoryConfigurationDelegate : Bootstrapping Spring Data MongoDB repositories in DEFAULT mode.
2022-08-25 09:54:20.441  INFO 12812 --- [restartedMain] .s.d.r.c.RepositoryConfigurationDelegate : Finished Spring Data repository scanning in 1112 ms. Found 1 MongoDB repository interfaces.
2022-08-25 09:54:22.364  INFO 12812 --- [restartedMain] o.s.cloud.context.scope.GenericScope     : BeanFactory id=6712cd5b-4d05-3488-967e-3936435824b6
2022-08-25 09:54:30.700  INFO 12812 --- [restartedMain] o.s.b.w.embedded.tomcat.TomcatWebServer  : Tomcat initialized with port(s): 8092 (http)
2022-08-25 09:54:31.090  INFO 12812 --- [restartedMain] o.apache.catalina.core.StandardService   : Starting service [Tomcat]
2022-08-25 09:54:31.091  INFO 12812 --- [restartedMain] org.apache.catalina.core.StandardEngine  : Starting Servlet engine: [Apache Tomcat/9.0.65]
2022-08-25 09:54:33.326  INFO 12812 --- [restartedMain] o.a.c.c.C.[Tomcat].[localhost].[/]       : Initializing Spring embedded WebApplicationContext
2022-08-25 09:54:33.327  INFO 12812 --- [restartedMain] w.s.c.ServletWebServerApplicationContext : Root WebApplicationContext: initialization completed in 22619 ms
2022-08-25 09:54:38.294  INFO 12812 --- [cluster-ClusterId{value='6306f9854c270d38e3cc0def', description='null'}-localhost:27017] org.mongodb.driver.cluster               : Exception in monitor thread while connecting to server localhost:27017

com.mongodb.MongoSocketOpenException: Exception opening socket
	at com.mongodb.internal.connection.SocketStream.open(SocketStream.java:70) ~[mongodb-driver-core-4.6.1.jar:na]
	at com.mongodb.internal.connection.InternalStreamConnection.open(InternalStreamConnection.java:180) ~[mongodb-driver-core-4.6.1.jar:na]
	at com.mongodb.internal.connection.DefaultServerMonitor$ServerMonitorRunnable.lookupServerDescription(DefaultServerMonitor.java:193) ~[mongodb-driver-core-4.6.1.jar:na]
	at com.mongodb.internal.connection.DefaultServerMonitor$ServerMonitorRunnable.run(DefaultServerMonitor.java:157) ~[mongodb-driver-core-4.6.1.jar:na]
	at java.base/java.lang.Thread.run(Thread.java:833) ~[na:na]
Caused by: java.net.ConnectException: Connection refused: no further information
	at java.base/sun.nio.ch.Net.pollConnect(Native Method) ~[na:na]
	at java.base/sun.nio.ch.Net.pollConnectNow(Net.java:672) ~[na:na]
	at java.base/sun.nio.ch.NioSocketImpl.timedFinishConnect(NioSocketImpl.java:542) ~[na:na]
	at java.base/sun.nio.ch.NioSocketImpl.connect(NioSocketImpl.java:597) ~[na:na]
	at java.base/java.net.SocksSocketImpl.connect(SocksSocketImpl.java:327) ~[na:na]
	at java.base/java.net.Socket.connect(Socket.java:633) ~[na:na]
	at com.mongodb.internal.connection.SocketStreamHelper.initialize(SocketStreamHelper.java:107) ~[mongodb-driver-core-4.6.1.jar:na]
	at com.mongodb.internal.connection.SocketStream.initializeSocket(SocketStream.java:79) ~[mongodb-driver-core-4.6.1.jar:na]
	at com.mongodb.internal.connection.SocketStream.open(SocketStream.java:65) ~[mongodb-driver-core-4.6.1.jar:na]
	... 4 common frames omitted

2022-08-25 09:54:38.533  INFO 12812 --- [restartedMain] org.mongodb.driver.client                : MongoClient with metadata {"driver": {"name": "mongo-java-driver|sync|spring-boot", "version": "4.6.1"}, "os": {"type": "Windows", "name": "Windows 10", "architecture": "amd64", "version": "10.0"}, "platform": "Java/Eclipse Adoptium/17.0.3+7"} created with settings MongoClientSettings{readPreference=primary, writeConcern=WriteConcern{w=null, wTimeout=null ms, journal=null}, retryWrites=true, retryReads=true, readConcern=ReadConcern{level=null}, credential=null, streamFactoryFactory=null, commandListeners=[], codecRegistry=ProvidersCodecRegistry{codecProviders=[ValueCodecProvider{}, BsonValueCodecProvider{}, DBRefCodecProvider{}, DBObjectCodecProvider{}, DocumentCodecProvider{}, IterableCodecProvider{}, MapCodecProvider{}, GeoJsonCodecProvider{}, GridFSFileCodecProvider{}, Jsr310CodecProvider{}, JsonObjectCodecProvider{}, BsonCodecProvider{}, EnumCodecProvider{}, com.mongodb.Jep395RecordCodecProvider@3928ba5]}, clusterSettings={hosts=[localhost:27017], srvServiceName=mongodb, mode=SINGLE, requiredClusterType=UNKNOWN, requiredReplicaSetName='null', serverSelector='null', clusterListeners='[]', serverSelectionTimeout='30000 ms', localThreshold='30000 ms'}, socketSettings=SocketSettings{connectTimeoutMS=10000, readTimeoutMS=0, receiveBufferSize=0, sendBufferSize=0}, heartbeatSocketSettings=SocketSettings{connectTimeoutMS=10000, readTimeoutMS=10000, receiveBufferSize=0, sendBufferSize=0}, connectionPoolSettings=ConnectionPoolSettings{maxSize=100, minSize=0, maxWaitTimeMS=120000, maxConnectionLifeTimeMS=0, maxConnectionIdleTimeMS=0, maintenanceInitialDelayMS=0, maintenanceFrequencyMS=60000, connectionPoolListeners=[], maxConnecting=2}, serverSettings=ServerSettings{heartbeatFrequencyMS=10000, minHeartbeatFrequencyMS=500, serverListeners='[]', serverMonitorListeners='[]'}, sslSettings=SslSettings{enabled=false, invalidHostNameAllowed=false, context=null}, applicationName='null', compressorList=[], uuidRepresentation=JAVA_LEGACY, serverApi=null, autoEncryptionSettings=null, contextProvider=null}
2022-08-25 09:54:39.533  WARN 12812 --- [restartedMain] o.s.data.convert.CustomConversions       : Registering converter from class java.time.LocalDateTime to class org.joda.time.LocalDateTime as reading converter although it doesn't convert from a store-supported type; You might want to check your annotation setup at the converter implementation
2022-08-25 09:54:41.028  WARN 12812 --- [restartedMain] o.s.b.d.a.OptionalLiveReloadServer       : Unable to start LiveReload server
2022-08-25 09:54:41.690  WARN 12812 --- [restartedMain] o.s.data.convert.CustomConversions       : Registering converter from class java.time.LocalDateTime to class org.joda.time.LocalDateTime as reading converter although it doesn't convert from a store-supported type; You might want to check your annotation setup at the converter implementation
2022-08-25 09:54:46.585  INFO 12812 --- [restartedMain] pertySourcedRequestMappingHandlerMapping : Mapped URL path [/v2/api-docs] onto method [springfox.documentation.swagger2.web.Swagger2Controller#getDocumentation(String, HttpServletRequest)]
2022-08-25 09:54:52.121  INFO 12812 --- [restartedMain] DiscoveryClientOptionalArgsConfiguration : Eureka HTTP Client uses RestTemplate.
2022-08-25 09:54:54.169  WARN 12812 --- [restartedMain] iguration$LoadBalancerCaffeineWarnLogger : Spring Cloud LoadBalancer is currently working with the default cache. While this cache implementation is useful for development and tests, it's recommended to use Caffeine cache in production.You can switch to using Caffeine cache, by adding it and org.springframework.cache.caffeine.CaffeineCacheManager to the classpath.
2022-08-25 09:54:54.816  INFO 12812 --- [restartedMain] o.s.c.n.eureka.InstanceInfoFactory       : Setting initial instance status as: STARTING
2022-08-25 09:54:55.630  INFO 12812 --- [restartedMain] com.netflix.discovery.DiscoveryClient    : Initializing Eureka in region us-east-1
2022-08-25 09:54:55.713  INFO 12812 --- [restartedMain] c.n.d.s.r.aws.ConfigClusterResolver      : Resolving eureka endpoints via configuration
2022-08-25 09:54:55.931  INFO 12812 --- [restartedMain] com.netflix.discovery.DiscoveryClient    : Disable delta property : false
2022-08-25 09:54:55.939  INFO 12812 --- [restartedMain] com.netflix.discovery.DiscoveryClient    : Single vip registry refresh property : null
2022-08-25 09:54:55.940  INFO 12812 --- [restartedMain] com.netflix.discovery.DiscoveryClient    : Force full registry fetch : false
2022-08-25 09:54:55.941  INFO 12812 --- [restartedMain] com.netflix.discovery.DiscoveryClient    : Application is null : false
2022-08-25 09:54:55.942  INFO 12812 --- [restartedMain] com.netflix.discovery.DiscoveryClient    : Registered Applications size is zero : true
2022-08-25 09:54:55.943  INFO 12812 --- [restartedMain] com.netflix.discovery.DiscoveryClient    : Application version is -1: true
2022-08-25 09:54:55.943  INFO 12812 --- [restartedMain] com.netflix.discovery.DiscoveryClient    : Getting all instance registry info from the eureka server
2022-08-25 09:54:59.334  INFO 12812 --- [restartedMain] com.netflix.discovery.DiscoveryClient    : The response status is 200
2022-08-25 09:54:59.341  INFO 12812 --- [restartedMain] com.netflix.discovery.DiscoveryClient    : Starting heartbeat executor: renew interval is: 30
2022-08-25 09:54:59.347  INFO 12812 --- [restartedMain] c.n.discovery.InstanceInfoReplicator     : InstanceInfoReplicator onDemand update allowed rate per min is 4
2022-08-25 09:54:59.384  INFO 12812 --- [restartedMain] com.netflix.discovery.DiscoveryClient    : Discovery Client initialized at timestamp 1661401499380 with initial instances count: 0
2022-08-25 09:54:59.392  INFO 12812 --- [restartedMain] o.s.c.n.e.s.EurekaServiceRegistry        : Registering application BOOKING-SERVICE with eureka with status UP
2022-08-25 09:54:59.395  INFO 12812 --- [restartedMain] com.netflix.discovery.DiscoveryClient    : Saw local status change event StatusChangeEvent [timestamp=1661401499395, current=UP, previous=STARTING]
2022-08-25 09:54:59.399  INFO 12812 --- [DiscoveryClient-InstanceInfoReplicator-0] com.netflix.discovery.DiscoveryClient    : DiscoveryClient_BOOKING-SERVICE/LIN80020993.corp.capgemini.com:Booking-service:8092: registering service...
2022-08-25 09:54:59.566  INFO 12812 --- [restartedMain] o.s.b.w.embedded.tomcat.TomcatWebServer  : Tomcat started on port(s): 8092 (http) with context path ''
2022-08-25 09:54:59.571  INFO 12812 --- [restartedMain] .s.c.n.e.s.EurekaAutoServiceRegistration : Updating port to 8092
2022-08-25 09:55:00.106  INFO 12812 --- [DiscoveryClient-InstanceInfoReplicator-0] com.netflix.discovery.DiscoveryClient    : DiscoveryClient_BOOKING-SERVICE/LIN80020993.corp.capgemini.com:Booking-service:8092 - registration status: 204
2022-08-25 09:55:00.537  INFO 12812 --- [restartedMain] d.s.w.p.DocumentationPluginsBootstrapper : Context refreshed
2022-08-25 09:55:00.849  INFO 12812 --- [restartedMain] d.s.w.p.DocumentationPluginsBootstrapper : Found 1 custom documentation plugin(s)
2022-08-25 09:55:01.031  INFO 12812 --- [restartedMain] s.d.s.w.s.ApiListingReferenceScanner     : Scanning for api listing references
2022-08-25 09:55:01.653  INFO 12812 --- [restartedMain] com.cg.booking.BookingApplication        : Started BookingApplication in 62.131 seconds (JVM running for 70.888)
2022-08-25 09:55:29.352  INFO 12812 --- [DiscoveryClient-CacheRefreshExecutor-0] com.netflix.discovery.DiscoveryClient    : Disable delta property : false
2022-08-25 09:55:29.353  INFO 12812 --- [DiscoveryClient-CacheRefreshExecutor-0] com.netflix.discovery.DiscoveryClient    : Single vip registry refresh property : null
2022-08-25 09:55:29.354  INFO 12812 --- [DiscoveryClient-CacheRefreshExecutor-0] com.netflix.discovery.DiscoveryClient    : Force full registry fetch : false
2022-08-25 09:55:29.354  INFO 12812 --- [DiscoveryClient-CacheRefreshExecutor-0] com.netflix.discovery.DiscoveryClient    : Application is null : false
2022-08-25 09:55:29.354  INFO 12812 --- [DiscoveryClient-CacheRefreshExecutor-0] com.netflix.discovery.DiscoveryClient    : Registered Applications size is zero : true
2022-08-25 09:55:29.354  INFO 12812 --- [DiscoveryClient-CacheRefreshExecutor-0] com.netflix.discovery.DiscoveryClient    : Application version is -1: false
2022-08-25 09:55:29.355  INFO 12812 --- [DiscoveryClient-CacheRefreshExecutor-0] com.netflix.discovery.DiscoveryClient    : Getting all instance registry info from the eureka server
2022-08-25 09:55:29.361  INFO 12812 --- [DiscoveryClient-CacheRefreshExecutor-0] com.netflix.discovery.DiscoveryClient    : The response status is 200
2022-08-25 09:55:59.366  INFO 12812 --- [DiscoveryClient-CacheRefreshExecutor-0] com.netflix.discovery.DiscoveryClient    : Disable delta property : false
2022-08-25 09:55:59.368  INFO 12812 --- [DiscoveryClient-CacheRefreshExecutor-0] com.netflix.discovery.DiscoveryClient    : Single vip registry refresh property : null
2022-08-25 09:55:59.369  INFO 12812 --- [DiscoveryClient-CacheRefreshExecutor-0] com.netflix.discovery.DiscoveryClient    : Force full registry fetch : false
2022-08-25 09:55:59.369  INFO 12812 --- [DiscoveryClient-CacheRefreshExecutor-0] com.netflix.discovery.DiscoveryClient    : Application is null : false
2022-08-25 09:55:59.369  INFO 12812 --- [DiscoveryClient-CacheRefreshExecutor-0] com.netflix.discovery.DiscoveryClient    : Registered Applications size is zero : true
2022-08-25 09:55:59.370  INFO 12812 --- [DiscoveryClient-CacheRefreshExecutor-0] com.netflix.discovery.DiscoveryClient    : Application version is -1: false
2022-08-25 09:55:59.370  INFO 12812 --- [DiscoveryClient-CacheRefreshExecutor-0] com.netflix.discovery.DiscoveryClient    : Getting all instance registry info from the eureka server
2022-08-25 09:55:59.385  INFO 12812 --- [DiscoveryClient-CacheRefreshExecutor-0] com.netflix.discovery.DiscoveryClient    : The response status is 200
2022-08-25 09:56:48.531  INFO 12812 --- [cluster-ClusterId{value='6306f9854c270d38e3cc0def', description='null'}-localhost:27017] org.mongodb.driver.connection            : Opened connection [connectionId{localValue:28, serverValue:3}] to localhost:27017
2022-08-25 09:56:48.531  INFO 12812 --- [cluster-rtt-ClusterId{value='6306f9854c270d38e3cc0def', description='null'}-localhost:27017] org.mongodb.driver.connection            : Opened connection [connectionId{localValue:27, serverValue:2}] to localhost:27017
2022-08-25 09:56:48.533  INFO 12812 --- [cluster-ClusterId{value='6306f9854c270d38e3cc0def', description='null'}-localhost:27017] org.mongodb.driver.cluster               : Monitor thread successfully connected to server with description ServerDescription{address=localhost:27017, type=STANDALONE, state=CONNECTED, ok=true, minWireVersion=0, maxWireVersion=13, maxDocumentSize=16777216, logicalSessionTimeoutMinutes=30, roundTripTimeNanos=13165800}
2022-08-25 09:59:55.953  INFO 12812 --- [AsyncResolver-bootstrap-executor-0] c.n.d.s.r.aws.ConfigClusterResolver      : Resolving eureka endpoints via configuration
2022-08-25 10:04:06.668  INFO 12812 --- [http-nio-8092-exec-3] o.a.c.c.C.[Tomcat].[localhost].[/]       : Initializing Spring DispatcherServlet 'dispatcherServlet'
2022-08-25 10:04:06.669  INFO 12812 --- [http-nio-8092-exec-3] o.s.web.servlet.DispatcherServlet        : Initializing Servlet 'dispatcherServlet'
2022-08-25 10:04:06.672  INFO 12812 --- [http-nio-8092-exec-3] o.s.web.servlet.DispatcherServlet        : Completed initialization in 3 ms
2022-08-25 10:04:06.759  INFO 12812 --- [http-nio-8092-exec-2] c.c.b.controller.BookingController       : Creating a New Booking
2022-08-25 10:04:06.760  INFO 12812 --- [http-nio-8092-exec-2] c.cg.booking.service.BookingServiceImpl  : Adding a new Booking
2022-08-25 10:04:07.426  INFO 12812 --- [http-nio-8092-exec-2] org.mongodb.driver.connection            : Opened connection [connectionId{localValue:29, serverValue:25}] to localhost:27017
2022-08-25 10:04:08.475  INFO 12812 --- [http-nio-8092-exec-2] c.cg.booking.service.BookingServiceImpl  : Added Booking
2022-08-25 10:04:08.477  INFO 12812 --- [http-nio-8092-exec-2] c.c.b.controller.BookingController       : Created a new Booking
2022-08-25 10:04:55.965  INFO 12812 --- [AsyncResolver-bootstrap-executor-0] c.n.d.s.r.aws.ConfigClusterResolver      : Resolving eureka endpoints via configuration
2022-08-25 10:09:55.968  INFO 12812 --- [AsyncResolver-bootstrap-executor-0] c.n.d.s.r.aws.ConfigClusterResolver      : Resolving eureka endpoints via configuration
2022-08-25 10:14:55.970  INFO 12812 --- [AsyncResolver-bootstrap-executor-0] c.n.d.s.r.aws.ConfigClusterResolver      : Resolving eureka endpoints via configuration
2022-08-25 10:19:55.987  INFO 12812 --- [AsyncResolver-bootstrap-executor-0] c.n.d.s.r.aws.ConfigClusterResolver      : Resolving eureka endpoints via configuration
2022-08-25 10:24:56.001  INFO 12812 --- [AsyncResolver-bootstrap-executor-0] c.n.d.s.r.aws.ConfigClusterResolver      : Resolving eureka endpoints via configuration
2022-08-25 10:29:56.009  INFO 12812 --- [AsyncResolver-bootstrap-executor-0] c.n.d.s.r.aws.ConfigClusterResolver      : Resolving eureka endpoints via configuration
2022-08-25 10:34:56.019  INFO 12812 --- [AsyncResolver-bootstrap-executor-0] c.n.d.s.r.aws.ConfigClusterResolver      : Resolving eureka endpoints via configuration
2022-08-25 10:39:56.034  INFO 12812 --- [AsyncResolver-bootstrap-executor-0] c.n.d.s.r.aws.ConfigClusterResolver      : Resolving eureka endpoints via configuration
2022-08-25 10:44:56.060  INFO 12812 --- [AsyncResolver-bootstrap-executor-0] c.n.d.s.r.aws.ConfigClusterResolver      : Resolving eureka endpoints via configuration
2022-08-25 10:49:56.072  INFO 12812 --- [AsyncResolver-bootstrap-executor-0] c.n.d.s.r.aws.ConfigClusterResolver      : Resolving eureka endpoints via configuration
